  [1m[35m (1.4ms)[0m  [1m[34mSELECT sqlite_version(*)[0m
  [1m[35m (3.2ms)[0m  [1m[35mCREATE TABLE "schema_migrations" ("version" varchar NOT NULL PRIMARY KEY)[0m
  [1m[35m (3.1ms)[0m  [1m[35mCREATE TABLE "ar_internal_metadata" ("key" varchar NOT NULL PRIMARY KEY, "value" varchar, "created_at" datetime(6) NOT NULL, "updated_at" datetime(6) NOT NULL)[0m
  [1m[35m (0.2ms)[0m  [1m[34mSELECT "schema_migrations"."version" FROM "schema_migrations" ORDER BY "schema_migrations"."version" ASC[0m
Migrating to CreatePages (20221007060547)
  [1m[36mTRANSACTION (0.1ms)[0m  [1m[36mbegin transaction[0m
  [1m[35m (1.2ms)[0m  [1m[35mCREATE TABLE "pages" ("id" integer PRIMARY KEY AUTOINCREMENT NOT NULL, "created_at" datetime(6) NOT NULL, "updated_at" datetime(6) NOT NULL)[0m
  [1m[36mActiveRecord::SchemaMigration Create (0.1ms)[0m  [1m[32mINSERT INTO "schema_migrations" ("version") VALUES (?)[0m  [["version", "20221007060547"]]
  [1m[36mTRANSACTION (2.7ms)[0m  [1m[36mcommit transaction[0m
Migrating to CreatePageDescendants (20221007060935)
  [1m[36mTRANSACTION (0.1ms)[0m  [1m[36mbegin transaction[0m
  [1m[35m (0.4ms)[0m  [1m[35mCREATE TABLE "page_descendants" ("id" integer PRIMARY KEY AUTOINCREMENT NOT NULL, "parent_id" integer, "child_id" integer, "created_at" datetime(6) NOT NULL, "updated_at" datetime(6) NOT NULL)[0m
  [1m[36mActiveRecord::SchemaMigration Create (0.2ms)[0m  [1m[32mINSERT INTO "schema_migrations" ("version") VALUES (?)[0m  [["version", "20221007060935"]]
  [1m[36mTRANSACTION (2.4ms)[0m  [1m[36mcommit transaction[0m
  [1m[36mActiveRecord::InternalMetadata Load (0.2ms)[0m  [1m[34mSELECT "ar_internal_metadata".* FROM "ar_internal_metadata" WHERE "ar_internal_metadata"."key" = ? LIMIT ?[0m  [["key", "environment"], ["LIMIT", 1]]
  [1m[36mTRANSACTION (0.1ms)[0m  [1m[36mbegin transaction[0m
  [1m[36mActiveRecord::InternalMetadata Create (0.2ms)[0m  [1m[32mINSERT INTO "ar_internal_metadata" ("key", "value", "created_at", "updated_at") VALUES (?, ?, ?, ?)[0m  [["key", "environment"], ["value", "development"], ["created_at", "2022-10-07 06:09:45.229027"], ["updated_at", "2022-10-07 06:09:45.229027"]]
  [1m[36mTRANSACTION (1.8ms)[0m  [1m[36mcommit transaction[0m
  [1m[35m (0.1ms)[0m  [1m[34mSELECT sqlite_version(*)[0m
  [1m[35m (0.1ms)[0m  [1m[34mSELECT "schema_migrations"."version" FROM "schema_migrations" ORDER BY "schema_migrations"."version" ASC[0m
  [1m[35m (0.7ms)[0m  [1m[34mSELECT sqlite_version(*)[0m
  [1m[35m (0.1ms)[0m  [1m[34mSELECT "schema_migrations"."version" FROM "schema_migrations" ORDER BY "schema_migrations"."version" ASC[0m
Migrating to AddAncestryToPages (20221007061509)
  [1m[36mTRANSACTION (0.0ms)[0m  [1m[36mbegin transaction[0m
  [1m[35m (0.4ms)[0m  [1m[35mALTER TABLE "pages" ADD "ancestry" varchar[0m
  [1m[36mActiveRecord::SchemaMigration Create (0.2ms)[0m  [1m[32mINSERT INTO "schema_migrations" ("version") VALUES (?)[0m  [["version", "20221007061509"]]
  [1m[36mTRANSACTION (2.4ms)[0m  [1m[36mcommit transaction[0m
  [1m[36mActiveRecord::InternalMetadata Load (0.1ms)[0m  [1m[34mSELECT "ar_internal_metadata".* FROM "ar_internal_metadata" WHERE "ar_internal_metadata"."key" = ? LIMIT ?[0m  [["key", "environment"], ["LIMIT", 1]]
  [1m[35m (0.1ms)[0m  [1m[34mSELECT sqlite_version(*)[0m
  [1m[35m (0.1ms)[0m  [1m[34mSELECT "schema_migrations"."version" FROM "schema_migrations" ORDER BY "schema_migrations"."version" ASC[0m
  [1m[35m (0.8ms)[0m  [1m[34mSELECT sqlite_version(*)[0m
  [1m[36mPage Load (0.1ms)[0m  [1m[34mSELECT "pages".* FROM "pages" ORDER BY "pages"."id" ASC LIMIT ?[0m  [["LIMIT", 1]]
  [1m[36mTRANSACTION (0.1ms)[0m  [1m[36mbegin transaction[0m
  [1m[36mPage Create (1.7ms)[0m  [1m[32mINSERT INTO "pages" ("created_at", "updated_at", "ancestry") VALUES (?, ?, ?)[0m  [["created_at", "2022-10-07 06:29:13.073268"], ["updated_at", "2022-10-07 06:29:13.073268"], ["ancestry", "new"]]
  [1m[36mTRANSACTION (2.3ms)[0m  [1m[36mcommit transaction[0m
  [1m[36mPage Load (0.2ms)[0m  [1m[34mSELECT "pages".* FROM "pages" ORDER BY "pages"."id" ASC LIMIT ?[0m  [["LIMIT", 1]]
  [1m[36mPage Load (0.1ms)[0m  [1m[34mSELECT "pages".* FROM "pages" INNER JOIN "page_descendants" ON "pages"."id" = "page_descendants"."child_id" WHERE "page_descendants"."parent_id" = ? /* loading for inspect */ LIMIT ?[0m  [["parent_id", 1], ["LIMIT", 11]]
